1675105502458	geckodriver	INFO	Listening on 127.0.0.1:6296
1675105505475	mozrunner::runner	INFO	Running command: "C:\\Program Files\\Mozilla Firefox\\firefox.exe" "--marionette" "--remote-debugging-port" "6297" "--remote-allow-hosts" "localhost" "-no-remote" "-profile" "C:\\Users\\lenovo\\AppData\\Local\\Temp\\rust_mozprofileDDi6aH"
1675105506434	Marionette	INFO	Marionette enabled
Dynamically enable window occlusion 0
1675105506451	Marionette	INFO	Listening on port 6313
Read port: 6313
WebDriver BiDi listening on ws://127.0.0.1:6297
1675105506853	RemoteAgent	WARN	TLS certificate errors will be ignored for this session
console.warn: SearchSettings: "get: No settings file exists, new profile?" (new NotFoundError("Could not open the file at C:\\Users\\lenovo\\AppData\\Local\\Temp\\rust_mozprofileDDi6aH\\search.json.mozlz4", (void 0)))
DevTools listening on ws://127.0.0.1:6297/devtools/browser/95bfc382-ec13-4889-95a0-ce0e390df2f6
1675105521736	Marionette	INFO	Stopped listening on port 6313
Dynamically enable window occlusion 1
console.warn: TopSitesFeed: Failed to fetch data from Contile server: NetworkError when attempting to fetch resource.
WARNING: A blocker encountered an error while we were waiting.
          Blocker:  Waiting for ping task
          Phase: TelemetryController: Waiting for pending ping activity
          State: (none)
WARNING: Error: Phase "profile-before-change" is finished, it is too late to register completion condition "OS.File: flush I/O queued before profileBeforeChange"
WARNING: addBlocker@resource://gre/modules/AsyncShutdown.jsm:718:15
addBlocker@resource://gre/modules/AsyncShutdown.jsm:523:26
addBlocker@resource://gre/modules/AsyncShutdown.jsm:462:15
setupShutdown@resource://gre/modules/osfile/osfile_async_front.jsm:1548:28
@resource://gre/modules/osfile/osfile_async_front.jsm:1568:16
@resource://gre/modules/osfile.jsm:12:30
@resource://gre/modules/TelemetryStorage.jsm:19:28
promiseArchivePing@resource://gre/modules/TelemetryArchive.jsm:103:5
promiseArchivePing@resource://gre/modules/TelemetryArchive.jsm:63:33
_submitPingLogic@resource://gre/modules/TelemetryControllerParent.jsm:540:48
send@resource://gre/modules/TelemetryControllerParent.jsm:628:24
submitExternalPing@resource://gre/modules/TelemetryControllerParent.jsm:182:17
sendPing@resource://gre/modules/EventPing.jsm:51:30
_submitPing@resource://gre/modules/EventPing.jsm:229:12
shutdown@resource://gre/modules/EventPing.jsm:112:10
_cleanupOnShutdown@resource://gre/modules/TelemetryControllerParent.jsm:940:31
shutdown/<@resource://gre/modules/TelemetryControllerParent.jsm:1010:24
observe@resource://gre/modules/AsyncShutdown.jsm:572:16

WARNING: A blocker encountered an error while we were waiting.
          Blocker:  Waiting for ping task
          Phase: TelemetryController: Waiting for pending ping activity
          State: (none)
WARNING: Error: Phase "profile-before-change" is finished, it is too late to register completion condition "OS.File: flush I/O queued before profileBeforeChange"
WARNING: addBlocker@resource://gre/modules/AsyncShutdown.jsm:718:15
addBlocker@resource://gre/modules/AsyncShutdown.jsm:523:26
addBlocker@resource://gre/modules/AsyncShutdown.jsm:462:15
setupShutdown@resource://gre/modules/osfile/osfile_async_front.jsm:1548:28
@resource://gre/modules/osfile/osfile_async_front.jsm:1568:16
@resource://gre/modules/osfile.jsm:12:30
@resource://gre/modules/TelemetryStorage.jsm:19:28
promiseArchivePing@resource://gre/modules/TelemetryArchive.jsm:103:5
promiseArchivePing@resource://gre/modules/TelemetryArchive.jsm:63:33
_submitPingLogic@resource://gre/modules/TelemetryControllerParent.jsm:540:48
send@resource://gre/modules/TelemetryControllerParent.jsm:628:24
submitExternalPing@resource://gre/modules/TelemetryControllerParent.jsm:182:17
saveShutdownPings@resource://gre/modules/TelemetrySession.jsm:982:34
shutdownChromeProcess/cleanup/<@resource://gre/modules/TelemetrySession.jsm:1232:20
cleanup@resource://gre/modules/TelemetrySession.jsm:1239:9
shutdownChromeProcess@resource://gre/modules/TelemetrySession.jsm:1256:14
shutdown@resource://gre/modules/TelemetrySession.jsm:247:17
_cleanupOnShutdown@resource://gre/modules/TelemetryControllerParent.jsm:959:35
observe@resource://gre/modules/AsyncShutdown.jsm:572:16

WARNING: A blocker encountered an error while we were waiting.
          Blocker:  Waiting for ping task
          Phase: TelemetryController: Waiting for pending ping activity
          State: (none)
WARNING: Error: Phase "profile-before-change" is finished, it is too late to register completion condition "OS.File: flush I/O queued before profileBeforeChange"
WARNING: addBlocker@resource://gre/modules/AsyncShutdown.jsm:718:15
addBlocker@resource://gre/modules/AsyncShutdown.jsm:523:26
addBlocker@resource://gre/modules/AsyncShutdown.jsm:462:15
setupShutdown@resource://gre/modules/osfile/osfile_async_front.jsm:1548:28
@resource://gre/modules/osfile/osfile_async_front.jsm:1568:16
@resource://gre/modules/osfile.jsm:12:30
@resource://gre/modules/TelemetryStorage.jsm:19:28
promiseArchivePing@resource://gre/modules/TelemetryArchive.jsm:103:5
promiseArchivePing@resource://gre/modules/TelemetryArchive.jsm:63:33
_submitPingLogic@resource://gre/modules/TelemetryControllerParent.jsm:540:48
send@resource://gre/modules/TelemetryControllerParent.jsm:628:24
submitExternalPing@resource://gre/modules/TelemetryControllerParent.jsm:182:17
saveShutdownPings@resource://gre/modules/TelemetrySession.jsm:1014:36
shutdownChromeProcess/cleanup/<@resource://gre/modules/TelemetrySession.jsm:1232:20
cleanup@resource://gre/modules/TelemetrySession.jsm:1239:9
shutdownChromeProcess@resource://gre/modules/TelemetrySession.jsm:1256:14
shutdown@resource://gre/modules/TelemetrySession.jsm:247:17
_cleanupOnShutdown@resource://gre/modules/TelemetryControllerParent.jsm:959:35
observe@resource://gre/modules/AsyncShutdown.jsm:572:16

WARNING: A blocker encountered an error while we were waiting.
          Blocker:  TelemetryController: shutting down
          Phase: profile-before-change-telemetry
          State: Error getting state: Error: Phase "profile-before-change" is finished, it is too late to register completion condition "OS.File: flush I/O queued before profileBeforeChange" at addBlocker@resource://gre/modules/AsyncShutdown.jsm:718:15
addBlocker@resource://gre/modules/AsyncShutdown.jsm:523:26
addBlocker@resource://gre/modules/AsyncShutdown.jsm:462:15
setupShutdown@resource://gre/modules/osfile/osfile_async_front.jsm:1548:28
@resource://gre/modules/osfile/osfile_async_front.jsm:1568:16
@resource://gre/modules/osfile.jsm:12:30
@resource://gre/modules/TelemetryStorage.jsm:19:28
getShutdownState@resource://gre/modules/TelemetrySend.jsm:1692:7
getShutdownState@resource://gre/modules/TelemetrySend.jsm:374:30
_getState@resource://gre/modules/TelemetryControllerParent.jsm:1058:38
setupTelemetry/<@resource://gre/modules/TelemetryControllerParent.jsm:917:18
safeGetState@resource://gre/modules/AsyncShutdown.jsm:254:17
Barrier/_internalAddBlocker/promise<@resource://gre/modules/AsyncShutdown.jsm:773:20
observe@resource://gre/modules/AsyncShutdown.jsm:572:16

WARNING: Error: Phase "profile-before-change" is finished, it is too late to register completion condition "OS.File: flush I/O queued before profileBeforeChange"
WARNING: addBlocker@resource://gre/modules/AsyncShutdown.jsm:718:15
addBlocker@resource://gre/modules/AsyncShutdown.jsm:523:26
addBlocker@resource://gre/modules/AsyncShutdown.jsm:462:15
setupShutdown@resource://gre/modules/osfile/osfile_async_front.jsm:1548:28
@resource://gre/modules/osfile/osfile_async_front.jsm:1568:16
@resource://gre/modules/osfile.jsm:12:30
@resource://gre/modules/TelemetryStorage.jsm:19:28
removeAbortedSessionPing@resource://gre/modules/TelemetryControllerParent.jsm:721:5
removeAbortedSessionPing@resource://gre/modules/TelemetryControllerParent.jsm:249:17
shutdownChromeProcess/cleanup/<@resource://gre/modules/TelemetrySession.jsm:1235:42
observe@resource://gre/modules/AsyncShutdown.jsm:572:16

JavaScript error: resource://gre/modules/AsyncShutdown.jsm, line 718: Error: Phase "profile-before-change" is finished, it is too late to register completion condition "OS.File: flush I/O queued before profileBeforeChange"
JavaScript error: resource://gre/modules/AsyncShutdown.jsm, line 718: Error: Phase "profile-before-change" is finished, it is too late to register completion condition "OS.File: flush I/O queued before profileBeforeChange"
JavaScript error: resource://gre/modules/AsyncShutdown.jsm, line 718: Error: Phase "profile-before-change" is finished, it is too late to register completion condition "OS.File: flush I/O queued before profileBeforeChange"
JavaScript error: resource://gre/modules/AsyncShutdown.jsm, line 718: Error: Phase "profile-before-change" is finished, it is too late to register completion condition "OS.File: flush I/O queued before profileBeforeChange"
JavaScript error: resource://gre/modules/AsyncShutdown.jsm, line 718: Error: Phase "profile-before-change" is finished, it is too late to register completion condition "OS.File: flush I/O queued before profileBeforeChange"
JavaScript error: resource://gre/modules/AsyncShutdown.jsm, line 718: Error: Phase "profile-before-change" is finished, it is too late to register completion condition "OS.File: flush I/O queued before profileBeforeChange"
1675106467059	geckodriver	INFO	Listening on 127.0.0.1:7648
1675106470345	mozrunner::runner	INFO	Running command: "C:\\Program Files\\Mozilla Firefox\\firefox.exe" "--marionette" "--remote-debugging-port" "7649" "--remote-allow-hosts" "localhost" "-no-remote" "-profile" "C:\\Users\\lenovo\\AppData\\Local\\Temp\\rust_mozprofileGhMban"
1675106471633	Marionette	INFO	Marionette enabled
Dynamically enable window occlusion 0
1675106471651	Marionette	INFO	Listening on port 7661
Read port: 7661
WebDriver BiDi listening on ws://127.0.0.1:7649
1675106471989	RemoteAgent	WARN	TLS certificate errors will be ignored for this session
console.warn: SearchSettings: "get: No settings file exists, new profile?" (new NotFoundError("Could not open the file at C:\\Users\\lenovo\\AppData\\Local\\Temp\\rust_mozprofileGhMban\\search.json.mozlz4", (void 0)))
DevTools listening on ws://127.0.0.1:7649/devtools/browser/acd10999-7070-42e7-a1a5-ee1b7243def6
JavaScript warning: https://static.xx.fbcdn.net/rsrc.php/v3iX3c4/yt/l/en_GB/WBb30cGm33Q.js?_nc_x=Ij3Wp8lg5Kz, line 21: WEBGL_debug_renderer_info is deprecated in Firefox and will be removed. Please use RENDERER.
JavaScript warning: https://static.xx.fbcdn.net/rsrc.php/v3iX3c4/yt/l/en_GB/WBb30cGm33Q.js?_nc_x=Ij3Wp8lg5Kz, line 21: WEBGL_debug_renderer_info is deprecated in Firefox and will be removed. Please use RENDERER.
JavaScript warning: https://static.xx.fbcdn.net/rsrc.php/v3iX3c4/yt/l/en_GB/WBb30cGm33Q.js?_nc_x=Ij3Wp8lg5Kz, line 21: WEBGL_debug_renderer_info is deprecated in Firefox and will be removed. Please use RENDERER.
1675106500305	Marionette	INFO	Stopped listening on port 7661
Dynamically enable window occlusion 1
console.warn: TopSitesFeed: Failed to fetch data from Contile server: NetworkError when attempting to fetch resource.
!!! error running onStopped callback: TypeError: callback is not a function
WARNING: A blocker encountered an error while we were waiting.
          Blocker:  Waiting for ping task
          Phase: TelemetryController: Waiting for pending ping activity
          State: (none)
WARNING: Error: Phase "profile-before-change" is finished, it is too late to register completion condition "OS.File: flush I/O queued before profileBeforeChange"
WARNING: addBlocker@resource://gre/modules/AsyncShutdown.jsm:718:15
addBlocker@resource://gre/modules/AsyncShutdown.jsm:523:26
addBlocker@resource://gre/modules/AsyncShutdown.jsm:462:15
setupShutdown@resource://gre/modules/osfile/osfile_async_front.jsm:1548:28
@resource://gre/modules/osfile/osfile_async_front.jsm:1568:16
@resource://gre/modules/osfile.jsm:12:30
@resource://gre/modules/TelemetryStorage.jsm:19:28
promiseArchivePing@resource://gre/modules/TelemetryArchive.jsm:103:5
promiseArchivePing@resource://gre/modules/TelemetryArchive.jsm:63:33
_submitPingLogic@resource://gre/modules/TelemetryControllerParent.jsm:540:48
send@resource://gre/modules/TelemetryControllerParent.jsm:628:24
submitExternalPing@resource://gre/modules/TelemetryControllerParent.jsm:182:17
sendPing@resource://gre/modules/EventPing.jsm:51:30
_submitPing@resource://gre/modules/EventPing.jsm:229:12
shutdown@resource://gre/modules/EventPing.jsm:112:10
_cleanupOnShutdown@resource://gre/modules/TelemetryControllerParent.jsm:940:31
shutdown/<@resource://gre/modules/TelemetryControllerParent.jsm:1010:24
observe@resource://gre/modules/AsyncShutdown.jsm:572:16

WARNING: A blocker encountered an error while we were waiting.
          Blocker:  Waiting for ping task
          Phase: TelemetryController: Waiting for pending ping activity
          State: (none)
WARNING: Error: Phase "profile-before-change" is finished, it is too late to register completion condition "OS.File: flush I/O queued before profileBeforeChange"
WARNING: addBlocker@resource://gre/modules/AsyncShutdown.jsm:718:15
addBlocker@resource://gre/modules/AsyncShutdown.jsm:523:26
addBlocker@resource://gre/modules/AsyncShutdown.jsm:462:15
setupShutdown@resource://gre/modules/osfile/osfile_async_front.jsm:1548:28
@resource://gre/modules/osfile/osfile_async_front.jsm:1568:16
@resource://gre/modules/osfile.jsm:12:30
@resource://gre/modules/TelemetryStorage.jsm:19:28
promiseArchivePing@resource://gre/modules/TelemetryArchive.jsm:103:5
promiseArchivePing@resource://gre/modules/TelemetryArchive.jsm:63:33
_submitPingLogic@resource://gre/modules/TelemetryControllerParent.jsm:540:48
send@resource://gre/modules/TelemetryControllerParent.jsm:628:24
submitExternalPing@resource://gre/modules/TelemetryControllerParent.jsm:182:17
saveShutdownPings@resource://gre/modules/TelemetrySession.jsm:982:34
shutdownChromeProcess/cleanup/<@resource://gre/modules/TelemetrySession.jsm:1232:20
cleanup@resource://gre/modules/TelemetrySession.jsm:1239:9
shutdownChromeProcess@resource://gre/modules/TelemetrySession.jsm:1256:14
shutdown@resource://gre/modules/TelemetrySession.jsm:247:17
_cleanupOnShutdown@resource://gre/modules/TelemetryControllerParent.jsm:959:35
observe@resource://gre/modules/AsyncShutdown.jsm:572:16

WARNING: A blocker encountered an error while we were waiting.
          Blocker:  Waiting for ping task
          Phase: TelemetryController: Waiting for pending ping activity
          State: (none)
WARNING: Error: Phase "profile-before-change" is finished, it is too late to register completion condition "OS.File: flush I/O queued before profileBeforeChange"
WARNING: addBlocker@resource://gre/modules/AsyncShutdown.jsm:718:15
addBlocker@resource://gre/modules/AsyncShutdown.jsm:523:26
addBlocker@resource://gre/modules/AsyncShutdown.jsm:462:15
setupShutdown@resource://gre/modules/osfile/osfile_async_front.jsm:1548:28
@resource://gre/modules/osfile/osfile_async_front.jsm:1568:16
@resource://gre/modules/osfile.jsm:12:30
@resource://gre/modules/TelemetryStorage.jsm:19:28
promiseArchivePing@resource://gre/modules/TelemetryArchive.jsm:103:5
promiseArchivePing@resource://gre/modules/TelemetryArchive.jsm:63:33
_submitPingLogic@resource://gre/modules/TelemetryControllerParent.jsm:540:48
send@resource://gre/modules/TelemetryControllerParent.jsm:628:24
submitExternalPing@resource://gre/modules/TelemetryControllerParent.jsm:182:17
saveShutdownPings@resource://gre/modules/TelemetrySession.jsm:1014:36
shutdownChromeProcess/cleanup/<@resource://gre/modules/TelemetrySession.jsm:1232:20
cleanup@resource://gre/modules/TelemetrySession.jsm:1239:9
shutdownChromeProcess@resource://gre/modules/TelemetrySession.jsm:1256:14
shutdown@resource://gre/modules/TelemetrySession.jsm:247:17
_cleanupOnShutdown@resource://gre/modules/TelemetryControllerParent.jsm:959:35
observe@resource://gre/modules/AsyncShutdown.jsm:572:16

WARNING: A blocker encountered an error while we were waiting.
          Blocker:  TelemetryController: shutting down
          Phase: profile-before-change-telemetry
          State: Error getting state: Error: Phase "profile-before-change" is finished, it is too late to register completion condition "OS.File: flush I/O queued before profileBeforeChange" at addBlocker@resource://gre/modules/AsyncShutdown.jsm:718:15
addBlocker@resource://gre/modules/AsyncShutdown.jsm:523:26
addBlocker@resource://gre/modules/AsyncShutdown.jsm:462:15
setupShutdown@resource://gre/modules/osfile/osfile_async_front.jsm:1548:28
@resource://gre/modules/osfile/osfile_async_front.jsm:1568:16
@resource://gre/modules/osfile.jsm:12:30
@resource://gre/modules/TelemetryStorage.jsm:19:28
getShutdownState@resource://gre/modules/TelemetrySend.jsm:1692:7
getShutdownState@resource://gre/modules/TelemetrySend.jsm:374:30
_getState@resource://gre/modules/TelemetryControllerParent.jsm:1058:38
setupTelemetry/<@resource://gre/modules/TelemetryControllerParent.jsm:917:18
safeGetState@resource://gre/modules/AsyncShutdown.jsm:254:17
Barrier/_internalAddBlocker/promise<@resource://gre/modules/AsyncShutdown.jsm:773:20
observe@resource://gre/modules/AsyncShutdown.jsm:572:16

WARNING: Error: Phase "profile-before-change" is finished, it is too late to register completion condition "OS.File: flush I/O queued before profileBeforeChange"
WARNING: addBlocker@resource://gre/modules/AsyncShutdown.jsm:718:15
addBlocker@resource://gre/modules/AsyncShutdown.jsm:523:26
addBlocker@resource://gre/modules/AsyncShutdown.jsm:462:15
setupShutdown@resource://gre/modules/osfile/osfile_async_front.jsm:1548:28
@resource://gre/modules/osfile/osfile_async_front.jsm:1568:16
@resource://gre/modules/osfile.jsm:12:30
@resource://gre/modules/TelemetryStorage.jsm:19:28
removeAbortedSessionPing@resource://gre/modules/TelemetryControllerParent.jsm:721:5
removeAbortedSessionPing@resource://gre/modules/TelemetryControllerParent.jsm:249:17
shutdownChromeProcess/cleanup/<@resource://gre/modules/TelemetrySession.jsm:1235:42
observe@resource://gre/modules/AsyncShutdown.jsm:572:16

JavaScript error: resource://gre/modules/AsyncShutdown.jsm, line 718: Error: Phase "profile-before-change" is finished, it is too late to register completion condition "OS.File: flush I/O queued before profileBeforeChange"
JavaScript error: resource://gre/modules/AsyncShutdown.jsm, line 718: Error: Phase "profile-before-change" is finished, it is too late to register completion condition "OS.File: flush I/O queued before profileBeforeChange"
JavaScript error: resource://gre/modules/AsyncShutdown.jsm, line 718: Error: Phase "profile-before-change" is finished, it is too late to register completion condition "OS.File: flush I/O queued before profileBeforeChange"
JavaScript error: resource://gre/modules/AsyncShutdown.jsm, line 718: Error: Phase "profile-before-change" is finished, it is too late to register completion condition "OS.File: flush I/O queued before profileBeforeChange"
JavaScript error: resource://gre/modules/AsyncShutdown.jsm, line 718: Error: Phase "profile-before-change" is finished, it is too late to register completion condition "OS.File: flush I/O queued before profileBeforeChange"
JavaScript error: resource://gre/modules/AsyncShutdown.jsm, line 718: Error: Phase "profile-before-change" is finished, it is too late to register completion condition "OS.File: flush I/O queued before profileBeforeChange"
1675106532114	geckodriver	INFO	Listening on 127.0.0.1:7775
1675106535624	mozrunner::runner	INFO	Running command: "C:\\Program Files\\Mozilla Firefox\\firefox.exe" "--marionette" "--remote-debugging-port" "7776" "--remote-allow-hosts" "localhost" "-no-remote" "-profile" "C:\\Users\\lenovo\\AppData\\Local\\Temp\\rust_mozprofiledCzqgW"
1675106536489	Marionette	INFO	Marionette enabled
Dynamically enable window occlusion 0
1675106536500	Marionette	INFO	Listening on port 7788
Read port: 7788
WebDriver BiDi listening on ws://127.0.0.1:7776
1675106536795	RemoteAgent	WARN	TLS certificate errors will be ignored for this session
console.warn: SearchSettings: "get: No settings file exists, new profile?" (new NotFoundError("Could not open the file at C:\\Users\\lenovo\\AppData\\Local\\Temp\\rust_mozprofiledCzqgW\\search.json.mozlz4", (void 0)))
DevTools listening on ws://127.0.0.1:7776/devtools/browser/0179df9f-b500-4ba2-98f9-1ad3d959bc5b
JavaScript warning: https://static.xx.fbcdn.net/rsrc.php/v3iX3c4/yt/l/en_GB/WBb30cGm33Q.js?_nc_x=Ij3Wp8lg5Kz, line 21: WEBGL_debug_renderer_info is deprecated in Firefox and will be removed. Please use RENDERER.
JavaScript warning: https://static.xx.fbcdn.net/rsrc.php/v3iX3c4/yt/l/en_GB/WBb30cGm33Q.js?_nc_x=Ij3Wp8lg5Kz, line 21: WEBGL_debug_renderer_info is deprecated in Firefox and will be removed. Please use RENDERER.
JavaScript warning: https://static.xx.fbcdn.net/rsrc.php/v3iX3c4/yt/l/en_GB/WBb30cGm33Q.js?_nc_x=Ij3Wp8lg5Kz, line 21: WEBGL_debug_renderer_info is deprecated in Firefox and will be removed. Please use RENDERER.
1675106560220	Marionette	INFO	Stopped listening on port 7788
Dynamically enable window occlusion 1
JavaScript error: resource://gre/actors/ContentMetaChild.jsm, line 183: InvalidStateError: JSWindowActorChild.sendAsyncMessage: JSWindowActorChild cannot send at the moment
WARNING: A blocker encountered an error while we were waiting.
          Blocker:  Waiting for ping task
          Phase: TelemetryController: Waiting for pending ping activity
          State: (none)
WARNING: Error: Phase "profile-before-change" is finished, it is too late to register completion condition "OS.File: flush I/O queued before profileBeforeChange"
WARNING: addBlocker@resource://gre/modules/AsyncShutdown.jsm:718:15
addBlocker@resource://gre/modules/AsyncShutdown.jsm:523:26
addBlocker@resource://gre/modules/AsyncShutdown.jsm:462:15
setupShutdown@resource://gre/modules/osfile/osfile_async_front.jsm:1548:28
@resource://gre/modules/osfile/osfile_async_front.jsm:1568:16
@resource://gre/modules/osfile.jsm:12:30
@resource://gre/modules/TelemetryStorage.jsm:19:28
promiseArchivePing@resource://gre/modules/TelemetryArchive.jsm:103:5
promiseArchivePing@resource://gre/modules/TelemetryArchive.jsm:63:33
_submitPingLogic@resource://gre/modules/TelemetryControllerParent.jsm:540:48
send@resource://gre/modules/TelemetryControllerParent.jsm:628:24
submitExternalPing@resource://gre/modules/TelemetryControllerParent.jsm:182:17
sendPing@resource://gre/modules/EventPing.jsm:51:30
_submitPing@resource://gre/modules/EventPing.jsm:229:12
shutdown@resource://gre/modules/EventPing.jsm:112:10
_cleanupOnShutdown@resource://gre/modules/TelemetryControllerParent.jsm:940:31
shutdown/<@resource://gre/modules/TelemetryControllerParent.jsm:1010:24
observe@resource://gre/modules/AsyncShutdown.jsm:572:16

WARNING: A blocker encountered an error while we were waiting.
          Blocker:  Waiting for ping task
          Phase: TelemetryController: Waiting for pending ping activity
          State: (none)
WARNING: Error: Phase "profile-before-change" is finished, it is too late to register completion condition "OS.File: flush I/O queued before profileBeforeChange"
WARNING: addBlocker@resource://gre/modules/AsyncShutdown.jsm:718:15
addBlocker@resource://gre/modules/AsyncShutdown.jsm:523:26
addBlocker@resource://gre/modules/AsyncShutdown.jsm:462:15
setupShutdown@resource://gre/modules/osfile/osfile_async_front.jsm:1548:28
@resource://gre/modules/osfile/osfile_async_front.jsm:1568:16
@resource://gre/modules/osfile.jsm:12:30
@resource://gre/modules/TelemetryStorage.jsm:19:28
promiseArchivePing@resource://gre/modules/TelemetryArchive.jsm:103:5
promiseArchivePing@resource://gre/modules/TelemetryArchive.jsm:63:33
_submitPingLogic@resource://gre/modules/TelemetryControllerParent.jsm:540:48
send@resource://gre/modules/TelemetryControllerParent.jsm:628:24
submitExternalPing@resource://gre/modules/TelemetryControllerParent.jsm:182:17
saveShutdownPings@resource://gre/modules/TelemetrySession.jsm:982:34
shutdownChromeProcess/cleanup/<@resource://gre/modules/TelemetrySession.jsm:1232:20
cleanup@resource://gre/modules/TelemetrySession.jsm:1239:9
shutdownChromeProcess@resource://gre/modules/TelemetrySession.jsm:1256:14
shutdown@resource://gre/modules/TelemetrySession.jsm:247:17
_cleanupOnShutdown@resource://gre/modules/TelemetryControllerParent.jsm:959:35
observe@resource://gre/modules/AsyncShutdown.jsm:572:16

WARNING: A blocker encountered an error while we were waiting.
          Blocker:  Waiting for ping task
          Phase: TelemetryController: Waiting for pending ping activity
          State: (none)
WARNING: Error: Phase "profile-before-change" is finished, it is too late to register completion condition "OS.File: flush I/O queued before profileBeforeChange"
WARNING: addBlocker@resource://gre/modules/AsyncShutdown.jsm:718:15
addBlocker@resource://gre/modules/AsyncShutdown.jsm:523:26
addBlocker@resource://gre/modules/AsyncShutdown.jsm:462:15
setupShutdown@resource://gre/modules/osfile/osfile_async_front.jsm:1548:28
@resource://gre/modules/osfile/osfile_async_front.jsm:1568:16
@resource://gre/modules/osfile.jsm:12:30
@resource://gre/modules/TelemetryStorage.jsm:19:28
promiseArchivePing@resource://gre/modules/TelemetryArchive.jsm:103:5
promiseArchivePing@resource://gre/modules/TelemetryArchive.jsm:63:33
_submitPingLogic@resource://gre/modules/TelemetryControllerParent.jsm:540:48
send@resource://gre/modules/TelemetryControllerParent.jsm:628:24
submitExternalPing@resource://gre/modules/TelemetryControllerParent.jsm:182:17
saveShutdownPings@resource://gre/modules/TelemetrySession.jsm:1014:36
shutdownChromeProcess/cleanup/<@resource://gre/modules/TelemetrySession.jsm:1232:20
cleanup@resource://gre/modules/TelemetrySession.jsm:1239:9
shutdownChromeProcess@resource://gre/modules/TelemetrySession.jsm:1256:14
shutdown@resource://gre/modules/TelemetrySession.jsm:247:17
_cleanupOnShutdown@resource://gre/modules/TelemetryControllerParent.jsm:959:35
observe@resource://gre/modules/AsyncShutdown.jsm:572:16

WARNING: A blocker encountered an error while we were waiting.
          Blocker:  TelemetryController: shutting down
          Phase: profile-before-change-telemetry
          State: Error getting state: Error: Phase "profile-before-change" is finished, it is too late to register completion condition "OS.File: flush I/O queued before profileBeforeChange" at addBlocker@resource://gre/modules/AsyncShutdown.jsm:718:15
addBlocker@resource://gre/modules/AsyncShutdown.jsm:523:26
addBlocker@resource://gre/modules/AsyncShutdown.jsm:462:15
setupShutdown@resource://gre/modules/osfile/osfile_async_front.jsm:1548:28
@resource://gre/modules/osfile/osfile_async_front.jsm:1568:16
@resource://gre/modules/osfile.jsm:12:30
@resource://gre/modules/TelemetryStorage.jsm:19:28
getShutdownState@resource://gre/modules/TelemetrySend.jsm:1692:7
getShutdownState@resource://gre/modules/TelemetrySend.jsm:374:30
_getState@resource://gre/modules/TelemetryControllerParent.jsm:1058:38
setupTelemetry/<@resource://gre/modules/TelemetryControllerParent.jsm:917:18
safeGetState@resource://gre/modules/AsyncShutdown.jsm:254:17
Barrier/_internalAddBlocker/promise<@resource://gre/modules/AsyncShutdown.jsm:773:20
observe@resource://gre/modules/AsyncShutdown.jsm:572:16

WARNING: Error: Phase "profile-before-change" is finished, it is too late to register completion condition "OS.File: flush I/O queued before profileBeforeChange"
WARNING: addBlocker@resource://gre/modules/AsyncShutdown.jsm:718:15
addBlocker@resource://gre/modules/AsyncShutdown.jsm:523:26
addBlocker@resource://gre/modules/AsyncShutdown.jsm:462:15
setupShutdown@resource://gre/modules/osfile/osfile_async_front.jsm:1548:28
@resource://gre/modules/osfile/osfile_async_front.jsm:1568:16
@resource://gre/modules/osfile.jsm:12:30
@resource://gre/modules/TelemetryStorage.jsm:19:28
removeAbortedSessionPing@resource://gre/modules/TelemetryControllerParent.jsm:721:5
removeAbortedSessionPing@resource://gre/modules/TelemetryControllerParent.jsm:249:17
shutdownChromeProcess/cleanup/<@resource://gre/modules/TelemetrySession.jsm:1235:42
observe@resource://gre/modules/AsyncShutdown.jsm:572:16

JavaScript error: resource://gre/modules/AsyncShutdown.jsm, line 718: Error: Phase "profile-before-change" is finished, it is too late to register completion condition "OS.File: flush I/O queued before profileBeforeChange"
JavaScript error: resource://gre/modules/AsyncShutdown.jsm, line 718: Error: Phase "profile-before-change" is finished, it is too late to register completion condition "OS.File: flush I/O queued before profileBeforeChange"
JavaScript error: resource://gre/modules/AsyncShutdown.jsm, line 718: Error: Phase "profile-before-change" is finished, it is too late to register completion condition "OS.File: flush I/O queued before profileBeforeChange"
JavaScript error: resource://gre/modules/AsyncShutdown.jsm, line 718: Error: Phase "profile-before-change" is finished, it is too late to register completion condition "OS.File: flush I/O queued before profileBeforeChange"
JavaScript error: resource://gre/modules/AsyncShutdown.jsm, line 718: Error: Phase "profile-before-change" is finished, it is too late to register completion condition "OS.File: flush I/O queued before profileBeforeChange"
JavaScript error: resource://gre/modules/AsyncShutdown.jsm, line 718: Error: Phase "profile-before-change" is finished, it is too late to register completion condition "OS.File: flush I/O queued before profileBeforeChange"
1675106578603	geckodriver	INFO	Listening on 127.0.0.1:7885
1675106581984	mozrunner::runner	INFO	Running command: "C:\\Program Files\\Mozilla Firefox\\firefox.exe" "--marionette" "--remote-debugging-port" "7886" "--remote-allow-hosts" "localhost" "-no-remote" "-profile" "C:\\Users\\lenovo\\AppData\\Local\\Temp\\rust_mozprofilea9Y7Fk"
1675106582844	Marionette	INFO	Marionette enabled
Dynamically enable window occlusion 0
1675106582854	Marionette	INFO	Listening on port 7904
Read port: 7904
WebDriver BiDi listening on ws://127.0.0.1:7886
1675106583166	RemoteAgent	WARN	TLS certificate errors will be ignored for this session
console.warn: SearchSettings: "get: No settings file exists, new profile?" (new NotFoundError("Could not open the file at C:\\Users\\lenovo\\AppData\\Local\\Temp\\rust_mozprofilea9Y7Fk\\search.json.mozlz4", (void 0)))
DevTools listening on ws://127.0.0.1:7886/devtools/browser/9de677bb-f270-45ce-945b-4523f08fc604
JavaScript warning: https://static.xx.fbcdn.net/rsrc.php/v3iX3c4/yt/l/en_GB/WBb30cGm33Q.js?_nc_x=Ij3Wp8lg5Kz, line 21: WEBGL_debug_renderer_info is deprecated in Firefox and will be removed. Please use RENDERER.
JavaScript warning: https://static.xx.fbcdn.net/rsrc.php/v3iX3c4/yt/l/en_GB/WBb30cGm33Q.js?_nc_x=Ij3Wp8lg5Kz, line 21: WEBGL_debug_renderer_info is deprecated in Firefox and will be removed. Please use RENDERER.
JavaScript warning: https://static.xx.fbcdn.net/rsrc.php/v3iX3c4/yt/l/en_GB/WBb30cGm33Q.js?_nc_x=Ij3Wp8lg5Kz, line 21: WEBGL_debug_renderer_info is deprecated in Firefox and will be removed. Please use RENDERER.
1675106602729	Marionette	INFO	Stopped listening on port 7904
Dynamically enable window occlusion 1
WARNING: A blocker encountered an error while we were waiting.
          Blocker:  Waiting for ping task
          Phase: TelemetryController: Waiting for pending ping activity
          State: (none)
WARNING: Error: Phase "profile-before-change" is finished, it is too late to register completion condition "OS.File: flush I/O queued before profileBeforeChange"
WARNING: addBlocker@resource://gre/modules/AsyncShutdown.jsm:718:15
addBlocker@resource://gre/modules/AsyncShutdown.jsm:523:26
addBlocker@resource://gre/modules/AsyncShutdown.jsm:462:15
setupShutdown@resource://gre/modules/osfile/osfile_async_front.jsm:1548:28
@resource://gre/modules/osfile/osfile_async_front.jsm:1568:16
@resource://gre/modules/osfile.jsm:12:30
@resource://gre/modules/TelemetryStorage.jsm:19:28
promiseArchivePing@resource://gre/modules/TelemetryArchive.jsm:103:5
promiseArchivePing@resource://gre/modules/TelemetryArchive.jsm:63:33
_submitPingLogic@resource://gre/modules/TelemetryControllerParent.jsm:540:48
send@resource://gre/modules/TelemetryControllerParent.jsm:628:24
submitExternalPing@resource://gre/modules/TelemetryControllerParent.jsm:182:17
sendPing@resource://gre/modules/EventPing.jsm:51:30
_submitPing@resource://gre/modules/EventPing.jsm:229:12
shutdown@resource://gre/modules/EventPing.jsm:112:10
_cleanupOnShutdown@resource://gre/modules/TelemetryControllerParent.jsm:940:31
shutdown/<@resource://gre/modules/TelemetryControllerParent.jsm:1010:24
observe@resource://gre/modules/AsyncShutdown.jsm:572:16

WARNING: A blocker encountered an error while we were waiting.
          Blocker:  Waiting for ping task
          Phase: TelemetryController: Waiting for pending ping activity
          State: (none)
WARNING: Error: Phase "profile-before-change" is finished, it is too late to register completion condition "OS.File: flush I/O queued before profileBeforeChange"
WARNING: addBlocker@resource://gre/modules/AsyncShutdown.jsm:718:15
addBlocker@resource://gre/modules/AsyncShutdown.jsm:523:26
addBlocker@resource://gre/modules/AsyncShutdown.jsm:462:15
setupShutdown@resource://gre/modules/osfile/osfile_async_front.jsm:1548:28
@resource://gre/modules/osfile/osfile_async_front.jsm:1568:16
@resource://gre/modules/osfile.jsm:12:30
@resource://gre/modules/TelemetryStorage.jsm:19:28
promiseArchivePing@resource://gre/modules/TelemetryArchive.jsm:103:5
promiseArchivePing@resource://gre/modules/TelemetryArchive.jsm:63:33
_submitPingLogic@resource://gre/modules/TelemetryControllerParent.jsm:540:48
send@resource://gre/modules/TelemetryControllerParent.jsm:628:24
submitExternalPing@resource://gre/modules/TelemetryControllerParent.jsm:182:17
saveShutdownPings@resource://gre/modules/TelemetrySession.jsm:982:34
shutdownChromeProcess/cleanup/<@resource://gre/modules/TelemetrySession.jsm:1232:20
cleanup@resource://gre/modules/TelemetrySession.jsm:1239:9
shutdownChromeProcess@resource://gre/modules/TelemetrySession.jsm:1256:14
shutdown@resource://gre/modules/TelemetrySession.jsm:247:17
_cleanupOnShutdown@resource://gre/modules/TelemetryControllerParent.jsm:959:35
observe@resource://gre/modules/AsyncShutdown.jsm:572:16

WARNING: A blocker encountered an error while we were waiting.
          Blocker:  Waiting for ping task
          Phase: TelemetryController: Waiting for pending ping activity
          State: (none)
WARNING: Error: Phase "profile-before-change" is finished, it is too late to register completion condition "OS.File: flush I/O queued before profileBeforeChange"
WARNING: addBlocker@resource://gre/modules/AsyncShutdown.jsm:718:15
addBlocker@resource://gre/modules/AsyncShutdown.jsm:523:26
addBlocker@resource://gre/modules/AsyncShutdown.jsm:462:15
setupShutdown@resource://gre/modules/osfile/osfile_async_front.jsm:1548:28
@resource://gre/modules/osfile/osfile_async_front.jsm:1568:16
@resource://gre/modules/osfile.jsm:12:30
@resource://gre/modules/TelemetryStorage.jsm:19:28
promiseArchivePing@resource://gre/modules/TelemetryArchive.jsm:103:5
promiseArchivePing@resource://gre/modules/TelemetryArchive.jsm:63:33
_submitPingLogic@resource://gre/modules/TelemetryControllerParent.jsm:540:48
send@resource://gre/modules/TelemetryControllerParent.jsm:628:24
submitExternalPing@resource://gre/modules/TelemetryControllerParent.jsm:182:17
saveShutdownPings@resource://gre/modules/TelemetrySession.jsm:1014:36
shutdownChromeProcess/cleanup/<@resource://gre/modules/TelemetrySession.jsm:1232:20
cleanup@resource://gre/modules/TelemetrySession.jsm:1239:9
shutdownChromeProcess@resource://gre/modules/TelemetrySession.jsm:1256:14
shutdown@resource://gre/modules/TelemetrySession.jsm:247:17
_cleanupOnShutdown@resource://gre/modules/TelemetryControllerParent.jsm:959:35
observe@resource://gre/modules/AsyncShutdown.jsm:572:16

WARNING: A blocker encountered an error while we were waiting.
          Blocker:  TelemetryController: shutting down
          Phase: profile-before-change-telemetry
          State: Error getting state: Error: Phase "profile-before-change" is finished, it is too late to register completion condition "OS.File: flush I/O queued before profileBeforeChange" at addBlocker@resource://gre/modules/AsyncShutdown.jsm:718:15
addBlocker@resource://gre/modules/AsyncShutdown.jsm:523:26
addBlocker@resource://gre/modules/AsyncShutdown.jsm:462:15
setupShutdown@resource://gre/modules/osfile/osfile_async_front.jsm:1548:28
@resource://gre/modules/osfile/osfile_async_front.jsm:1568:16
@resource://gre/modules/osfile.jsm:12:30
@resource://gre/modules/TelemetryStorage.jsm:19:28
getShutdownState@resource://gre/modules/TelemetrySend.jsm:1692:7
getShutdownState@resource://gre/modules/TelemetrySend.jsm:374:30
_getState@resource://gre/modules/TelemetryControllerParent.jsm:1058:38
setupTelemetry/<@resource://gre/modules/TelemetryControllerParent.jsm:917:18
safeGetState@resource://gre/modules/AsyncShutdown.jsm:254:17
Barrier/_internalAddBlocker/promise<@resource://gre/modules/AsyncShutdown.jsm:773:20
observe@resource://gre/modules/AsyncShutdown.jsm:572:16

WARNING: Error: Phase "profile-before-change" is finished, it is too late to register completion condition "OS.File: flush I/O queued before profileBeforeChange"
WARNING: addBlocker@resource://gre/modules/AsyncShutdown.jsm:718:15
addBlocker@resource://gre/modules/AsyncShutdown.jsm:523:26
addBlocker@resource://gre/modules/AsyncShutdown.jsm:462:15
setupShutdown@resource://gre/modules/osfile/osfile_async_front.jsm:1548:28
@resource://gre/modules/osfile/osfile_async_front.jsm:1568:16
@resource://gre/modules/osfile.jsm:12:30
@resource://gre/modules/TelemetryStorage.jsm:19:28
removeAbortedSessionPing@resource://gre/modules/TelemetryControllerParent.jsm:721:5
removeAbortedSessionPing@resource://gre/modules/TelemetryControllerParent.jsm:249:17
shutdownChromeProcess/cleanup/<@resource://gre/modules/TelemetrySession.jsm:1235:42
observe@resource://gre/modules/AsyncShutdown.jsm:572:16

JavaScript error: resource://gre/modules/AsyncShutdown.jsm, line 718: Error: Phase "profile-before-change" is finished, it is too late to register completion condition "OS.File: flush I/O queued before profileBeforeChange"
JavaScript error: resource://gre/modules/AsyncShutdown.jsm, line 718: Error: Phase "profile-before-change" is finished, it is too late to register completion condition "OS.File: flush I/O queued before profileBeforeChange"
JavaScript error: resource://gre/modules/AsyncShutdown.jsm, line 718: Error: Phase "profile-before-change" is finished, it is too late to register completion condition "OS.File: flush I/O queued before profileBeforeChange"
JavaScript error: resource://gre/modules/AsyncShutdown.jsm, line 718: Error: Phase "profile-before-change" is finished, it is too late to register completion condition "OS.File: flush I/O queued before profileBeforeChange"
JavaScript error: resource://gre/modules/AsyncShutdown.jsm, line 718: Error: Phase "profile-before-change" is finished, it is too late to register completion condition "OS.File: flush I/O queued before profileBeforeChange"
JavaScript error: resource://gre/modules/AsyncShutdown.jsm, line 718: Error: Phase "profile-before-change" is finished, it is too late to register completion condition "OS.File: flush I/O queued before profileBeforeChange"
